# JRE version: OpenJDK Runtime Environment Corretto-21.0.6.7.1 (21.0.6+7) (build 21.0.6+7-LTS)
# Java VM: OpenJDK 64-Bit Server VM Corretto-21.0.6.7.1 (21.0.6+7-LTS, mixed mode, emulated-client, sharing, tiered, compressed oops, compressed class ptrs, g1 gc, windows-amd64)
GC Precious Log:
 CardTable entry size: 512
 Card Set container configuration: InlinePtr #cards 5 size 8 Array Of Cards #cards 12 size 40 Howl #buckets 4 coarsen threshold 1843 Howl Bitmap #cards 512 size 80 coarsen threshold 460 Card regions per heap region 1 cards per card region 2048
 CPUs: 8 total, 8 available
 Memory: 8060M
 Large Page Support: Disabled
 NUMA Support: Disabled
 Compressed Oops: Enabled (32-bit)
 Heap Region Size: 1M
 Heap Min Capacity: 8M
 Heap Initial Capacity: 126M
 Heap Max Capacity: 2016M
 Pre-touch: Disabled
 Parallel Workers: 8
 Concurrent Workers: 2
 Concurrent Refinement Workers: 8
 Periodic GC: Disabled
Heap:
 garbage-first heap   total 49152K, used 21008K [0x0000000082000000, 0x0000000100000000)
  region size 1024K, 8 young (8192K), 3 survivors (3072K)
 Metaspace       used 35119K, committed 35712K, reserved 1114112K
  class space    used 4648K, committed 4928K, reserved 1048576K
GC Heap History (14 events):
Event: 0.592 GC heap before
{Heap before GC invocations=0 (full 0):
 garbage-first heap   total 129024K, used 22528K [0x0000000082000000, 0x0000000100000000)
  region size 1024K, 23 young (23552K), 0 survivors (0K)
 Metaspace       used 7446K, committed 7744K, reserved 1114112K
  class space    used 900K, committed 1024K, reserved 1048576K
}
Event: 0.600 GC heap after
{Heap after GC invocations=1 (full 0):
 garbage-first heap   total 129024K, used 5375K [0x0000000082000000, 0x0000000100000000)
  region size 1024K, 3 young (3072K), 3 survivors (3072K)
 Metaspace       used 7446K, committed 7744K, reserved 1114112K
  class space    used 900K, committed 1024K, reserved 1048576K
}
Event: 1.118 GC heap before
{Heap before GC invocations=1 (full 0):
 garbage-first heap   total 129024K, used 34047K [0x0000000082000000, 0x0000000100000000)
  region size 1024K, 32 young (32768K), 3 survivors (3072K)
 Metaspace       used 13361K, committed 13888K, reserved 1114112K
  class space    used 1797K, committed 2048K, reserved 1048576K
}
Event: 1.122 GC heap after
{Heap after GC invocations=2 (full 0):
 garbage-first heap   total 129024K, used 7580K [0x0000000082000000, 0x0000000100000000)
  region size 1024K, 3 young (3072K), 3 survivors (3072K)
 Metaspace       used 13361K, committed 13888K, reserved 1114112K
  class space    used 1797K, committed 2048K, reserved 1048576K
}
Event: 1.490 GC heap before
{Heap before GC invocations=2 (full 0):
 garbage-first heap   total 129024K, used 44444K [0x0000000082000000, 0x0000000100000000)
  region size 1024K, 41 young (41984K), 3 survivors (3072K)
 Metaspace       used 20513K, committed 20992K, reserved 1114112K
  class space    used 2742K, committed 2944K, reserved 1048576K
}
Event: 1.496 GC heap after
{Heap after GC invocations=3 (full 0):
 garbage-first heap   total 129024K, used 11035K [0x0000000082000000, 0x0000000100000000)
  region size 1024K, 6 young (6144K), 6 survivors (6144K)
 Metaspace       used 20513K, committed 20992K, reserved 1114112K
  class space    used 2742K, committed 2944K, reserved 1048576K
}
Event: 1.772 GC heap before
{Heap before GC invocations=4 (full 0):
 garbage-first heap   total 40960K, used 29467K [0x0000000082000000, 0x0000000100000000)
  region size 1024K, 24 young (24576K), 6 survivors (6144K)
 Metaspace       used 21980K, committed 22528K, reserved 1114112K
  class space    used 2959K, committed 3200K, reserved 1048576K
}
Event: 1.777 GC heap after
{Heap after GC invocations=5 (full 0):
 garbage-first heap   total 40960K, used 11796K [0x0000000082000000, 0x0000000100000000)
  region size 1024K, 2 young (2048K), 2 survivors (2048K)
 Metaspace       used 21980K, committed 22528K, reserved 1114112K
  class space    used 2959K, committed 3200K, reserved 1048576K
}
Event: 2.044 GC heap before
{Heap before GC invocations=5 (full 0):
 garbage-first heap   total 40960K, used 30228K [0x0000000082000000, 0x0000000100000000)
  region size 1024K, 20 young (20480K), 2 survivors (2048K)
 Metaspace       used 25228K, committed 25792K, reserved 1114112K
  class space    used 3419K, committed 3712K, reserved 1048576K
}
Event: 2.048 GC heap after
{Heap after GC invocations=6 (full 0):
 garbage-first heap   total 40960K, used 13780K [0x0000000082000000, 0x0000000100000000)
  region size 1024K, 3 young (3072K), 3 survivors (3072K)
 Metaspace       used 25228K, committed 25792K, reserved 1114112K
  class space    used 3419K, committed 3712K, reserved 1048576K
}
Event: 2.348 GC heap before
{Heap before GC invocations=6 (full 0):
 garbage-first heap   total 40960K, used 31188K [0x0000000082000000, 0x0000000100000000)
  region size 1024K, 21 young (21504K), 3 survivors (3072K)
 Metaspace       used 28082K, committed 28736K, reserved 1114112K
  class space    used 3798K, committed 4096K, reserved 1048576K
}
Event: 2.354 GC heap after
{Heap after GC invocations=7 (full 0):
 garbage-first heap   total 40960K, used 16139K [0x0000000082000000, 0x0000000100000000)
  region size 1024K, 3 young (3072K), 3 survivors (3072K)
 Metaspace       used 28082K, committed 28736K, reserved 1114112K
  class space    used 3798K, committed 4096K, reserved 1048576K
}
Event: 35.964 GC heap before
{Heap before GC invocations=7 (full 0):
 garbage-first heap   total 40960K, used 31499K [0x0000000082000000, 0x0000000100000000)
  region size 1024K, 19 young (19456K), 3 survivors (3072K)
 Metaspace       used 34372K, committed 35008K, reserved 1114112K
  class space    used 4565K, committed 4864K, reserved 1048576K
}
Event: 35.969 GC heap after
{Heap after GC invocations=8 (full 0):
 garbage-first heap   total 49152K, used 17936K [0x0000000082000000, 0x0000000100000000)
  region size 1024K, 3 young (3072K), 3 survivors (3072K)
 Metaspace       used 34372K, committed 35008K, reserved 1114112K
  class space    used 4565K, committed 4864K, reserved 1048576K
}

